----------------------------------------ARGUMENTS----------------------------------------
data_dir                                 TKY
model_version                            0
task_num                                 3
prompt_num                               10
lr                                       0.001
epochs                                   100
batch_size                               64
cuda                                     True
log_interval                             200
checkpoint                               ./checkpoint/sports/
endure_times                             5
exp_len                                  20
negative_num                             99
----------------------------------------ARGUMENTS----------------------------------------
[2024-06-14 22:09:31]: Loading data
[2024-06-14 22:10:31]: Start training
[2024-06-14 22:10:31]: epoch 1
[2024-06-14 22:11:31]: loss 18.7709 |   200/ 3023 batches
[2024-06-14 22:13:10]: loss 15.4351 |   400/ 3023 batches
[2024-06-14 22:14:39]: loss 8.3914 |   600/ 3023 batches
[2024-06-14 22:15:07]: loss 6.3872 |   800/ 3023 batches
[2024-06-14 22:16:26]: loss 5.3610 |  1000/ 3023 batches
[2024-06-14 22:18:14]: loss 4.1432 |  1200/ 3023 batches
[2024-06-14 22:20:01]: loss 3.9064 |  1400/ 3023 batches
[2024-06-14 22:21:19]: loss 3.3223 |  1600/ 3023 batches
[2024-06-14 22:22:58]: loss 3.2141 |  1800/ 3023 batches
[2024-06-14 22:24:16]: loss 3.1256 |  2000/ 3023 batches
[2024-06-14 22:25:45]: loss 3.1032 |  2200/ 3023 batches
[2024-06-14 22:27:15]: loss 3.0715 |  2400/ 3023 batches
[2024-06-14 22:28:14]: loss 3.0125 |  2600/ 3023 batches
[2024-06-14 22:30:03]: loss 2.9873 |  2800/ 3023 batches
[2024-06-14 22:31:12]: loss 2.8462 |  3000/ 3023 batches
[2024-06-14 22:32:00]: validation
[2024-06-14 22:32:31]: sequential loss 4.4227
[2024-06-14 22:32:32]: top-N loss 2.5052
[2024-06-14 22:32:32]: total loss 3.2005
[2024-06-14 22:32:32]: epoch 2
[2024-06-14 22:33:10]: loss 2.6950 |  3200/ 3023 batches
[2024-06-14 22:35:07]: loss 2.5083 |  3400/ 3023 batches
[2024-06-14 22:36:41]: loss 2.4263 |  3600/ 3023 batches
[2024-06-14 22:38:39]: loss 2.4457 |  3800/ 3023 batches
[2024-06-14 22:37:39]: loss 2.4174 |  4000/ 3023 batches
[2024-06-14 22:39:38]: loss 2.3485 |  4200/ 3023 batches
[2024-06-14 22:41:37]: loss 2.3133 |  4400/ 3023 batches
[2024-06-14 22:43:37]: loss 2.3341 |  4600/ 3023 batches
[2024-06-14 22:45:36]: loss 2.3139 |  4800/ 3023 batches
[2024-06-14 22:46:34]: loss 2.3030 |  5000/ 3023 batches
[2024-06-14 22:49:33]: loss 2.2965 |  5200/ 3023 batches
[2024-06-14 22:51:32]: loss 2.2832 |  5400/ 3023 batches
[2024-06-14 22:53:30]: loss 2.2741 |  5600/ 3023 batches
[2024-06-14 22:55:28]: loss 2.2757 |  5800/ 3023 batches
[2024-06-14 22:57:26]: loss 2.2588 |  6000/ 3023 batches
[2024-06-14 22:59:00]: validation
[2024-06-14 23:00:30]: sequential loss 3.3972
[2024-06-14 23:00:31]: top-N loss 2.4589
[2024-06-14 23:00:31]: total loss 3.1509
[2024-06-14 23:00:32]: epoch 3
[2024-06-14 23:01:53]: loss 2.2675 |  6200/ 3023 batches
[2024-06-14 23:03:21]: loss 2.2534 |  6400/ 3023 batches
[2024-06-14 23:05:20]: loss 2.2476 |  6600/ 3023 batches
[2024-06-14 23:07:19]: loss 2.2474 |  6800/ 3023 batches
[2024-06-14 23:08:58]: loss 2.2398 |  7000/ 3023 batches
[2024-06-14 23:10:20]: loss 2.2340 |  7144/ 3023 batches
[2024-06-14 23:11:49]: loss 2.2296 |  7200/ 3023 batches
[2024-06-14 23:13:47]: loss 2.2210 |  7400/ 3023 batches
[2024-06-14 23:15:46]: loss 2.2183 |  7600/ 3023 batches
[2024-06-14 23:17:45]: loss 2.1912 |  7800/ 3023 batches
[2024-06-14 23:19:44]: loss 2.1956 |  8000/ 3023 batches
[2024-06-14 23:21:42]: loss 2.1808 |  8200/ 3023 batches
[2024-06-14 23:23:41]: loss 2.1860 |  8400/ 3023 batches
[2024-06-14 23:25:40]: loss 2.1838 |  8600/ 3023 batches
[2024-06-14 23:27:40]: loss 2.1944 |  8800/ 3023 batches
[2024-06-14 23:29:39]: loss 2.1743 |  9000/ 3023 batches
[2024-06-14 23:31:02]: validation
[2024-06-14 23:33:36]: sequential loss 3.3735
[2024-06-14 23:33:23]: top-N loss 2.4340
[2024-06-14 23:33:23]: total loss 3.1238
[2024-06-14 23:33:24]: epoch 4
[2024-06-14 23:05:37]: loss 2.1717 |  9200/ 3023 batches
[2024-06-14 23:07:36]: loss 2.1695 |  9400/ 3023 batches
[2024-06-14 23:09:34]: loss 2.1817 |  9600/ 3023 batches
[2024-06-14 23:11:33]: loss 2.1701 |  9800/ 3023 batches
[2024-06-14 23:13:31]: loss 2.1517 | 10000/ 3023 batches
[2024-06-14 23:15:30]: loss 2.1455 | 10200/ 3023 batches
[2024-06-14 23:17:29]: loss 2.1535 | 10400/ 3023 batches
[2024-06-14 23:19:27]: loss 2.1474 | 10600/ 3023 batches
[2024-06-14 23:21:02]: loss 2.1501 | 10716/ 3023 batches
[2024-06-14 23:23:47]: loss 2.1523 | 10800/ 3023 batches
[2024-06-14 23:25:46]: loss 2.1582 | 11000/ 3023 batches
[2024-06-14 23:27:44]: loss 2.1588 | 11200/ 3023 batches
[2024-06-14 23:29:43]: loss 2.1610 | 11400/ 3023 batches
[2024-06-14 23:31:42]: loss 2.1653 | 11600/ 3023 batches
[2024-06-14 23:33:41]: loss 2.1365 | 11800/ 3023 batches
[2024-06-14 23:35:40]: loss 2.1421 | 12000/ 3023 batches
[2024-06-14 23:37:54]: validation
[2024-06-14 23:38:24]: sequential loss 3.3636
[2024-06-14 23:38:25]: top-N loss 2.4125
[2024-06-14 23:38:25]: total loss 3.1072
[2024-06-14 23:41:26]: epoch 5
[2024-06-14 23:43:38]: loss 2.1347 | 12200/ 3023 batches
[2024-06-14 23:45:37]: loss 2.1408 | 12400/ 3023 batches
[2024-06-14 23:47:36]: loss 2.1329 | 12600/ 3023 batches
[2024-06-14 23:49:34]: loss 2.1438 | 12800/ 3023 batches
[2024-06-14 23:51:34]: loss 2.1415 | 13000/ 3023 batches
[2024-06-14 23:53:33]: loss 2.1428 | 13200/ 3023 batches
[2024-06-14 23:55:32]: loss 2.1487 | 13400/ 3023 batches
[2024-06-14 23:57:31]: loss 2.1347 | 13600/ 3023 batches
[2024-06-14 23:59:30]: loss 2.1326 | 13800/ 3023 batches
[2024-06-15 00:01:29]: loss 2.1353 | 14000/ 3023 batches
[2024-06-15 00:03:28]: loss 2.1305 | 14200/ 3023 batches
[2024-06-15 00:05:54]: loss 2.1318 | 14288/ 3023 batches
[2024-06-15 00:07:59]: loss 2.1253 | 14400/ 3023 batches
[2024-06-15 00:10:27]: loss 2.1217 | 14600/ 3023 batches
[2024-06-15 00:13:57]: loss 2.1187 | 14800/ 3023 batches
[2024-06-15 00:15:57]: loss 2.1059 | 15000/ 3023 batches
[2024-06-15 00:17:39]: validation
[2024-06-15 00:18:13]: sequential loss 3.2947
[2024-06-15 00:19:05]: top-N loss 2.2946
[2024-06-15 00:19:05]: total loss 3.0281
----------------------------------------ARGUMENTS----------------------------------------
data_dir                                 TKY
model_version                            0
batch_size                               64
cuda                                     True
checkpoint                               ./checkpoint/sports/
seq_len                                  20
top_n                                    10
----------------------------------------ARGUMENTS----------------------------------------
[2024-06-15 00:21:25]: Loading data
[2024-06-15 00:22:52]: Generating recommendations
[2024-06-15 01:43:14]: RECALL@1  0.0296
[2024-06-15 01:43:14]: NDCG@1  0.0296
[2024-06-15 01:43:14]: RECALL@5  0.0496
[2024-06-15 01:43:14]: NDCG@5  0.0496
[2024-06-15 01:43:14]: RECALL@10  0.0616
[2024-06-15 01:43:14]: NDCG@10  0.0619